Using saved setting for 'extra-substituters = https://nix-community.cachix.org https://smos.cachix.org https://intray.cachix.org' from ~/.local/share/nix/trusted-settings.json.
Using saved setting for 'extra-trusted-public-keys = nix-community.cachix.org-1:mB9FSh9qf2dCimDSUo8Zy7bkq5CX+/rkCWyvRCYg3Fs= smos.cachix.org-1:YOs/tLEliRoyhx7PnNw36cw2Zvbw5R0ASZaUlpUv+yM= intray.cachix.org-1:qD7I/NQLia2iy6cbzZvFuvn09iuL4AkTmHvjxrQlccQ=' from ~/.local/share/nix/trusted-settings.json.
building the system configuration...
Using saved setting for 'extra-substituters = https://nix-community.cachix.org https://smos.cachix.org https://intray.cachix.org' from ~/.local/share/nix/trusted-settings.json.
Using saved setting for 'extra-trusted-public-keys = nix-community.cachix.org-1:mB9FSh9qf2dCimDSUo8Zy7bkq5CX+/rkCWyvRCYg3Fs= smos.cachix.org-1:YOs/tLEliRoyhx7PnNw36cw2Zvbw5R0ASZaUlpUv+yM= intray.cachix.org-1:qD7I/NQLia2iy6cbzZvFuvn09iuL4AkTmHvjxrQlccQ=' from ~/.local/share/nix/trusted-settings.json.
these 7 derivations will be built:
  /nix/store/m4wbfiv17fbgqz8pabwkbdavb8rhqa1w-set-environment.drv
  /nix/store/liwb86faxin352mfjb18qfs6sjv00bvh-etc-fish-nixos-env-preinit.fish.drv
  /nix/store/npmk9zk3zla0amx7j6pbkxq78ina0x9s-etc-nix-registry.json.drv
  /nix/store/p244ndwbpkn8zixxsgqisjqc70rmn9kq-etc-pam-environment.drv
  /nix/store/zv4nzqd7i9c0mgq2h0ns03plqqiw5bdv-etc-profile.drv
  /nix/store/jf7jjz7m8fg8xcw63pm07276cxdckvbr-etc.drv
  /nix/store/8vpcimpa2v3zfrk1c3zy9nsabfkjrqjy-nixos-system-amaterasu-24.05.20240615.752c634.drv
building '/nix/store/npmk9zk3zla0amx7j6pbkxq78ina0x9s-etc-nix-registry.json.drv'...
building '/nix/store/p244ndwbpkn8zixxsgqisjqc70rmn9kq-etc-pam-environment.drv'...
building '/nix/store/m4wbfiv17fbgqz8pabwkbdavb8rhqa1w-set-environment.drv'...
building '/nix/store/liwb86faxin352mfjb18qfs6sjv00bvh-etc-fish-nixos-env-preinit.fish.drv'...
building '/nix/store/zv4nzqd7i9c0mgq2h0ns03plqqiw5bdv-etc-profile.drv'...
building '/nix/store/jf7jjz7m8fg8xcw63pm07276cxdckvbr-etc.drv'...
building '/nix/store/8vpcimpa2v3zfrk1c3zy9nsabfkjrqjy-nixos-system-amaterasu-24.05.20240615.752c634.drv'...
updating GRUB 2 menu...
Warning: os-prober will be executed to detect other bootable partitions.
Its output will be used to detect bootable binaries on them and create new boot entries.
lsblk: /dev/mapper/no*[0-9]: not a block device
lsblk: /dev/mapper/block*[0-9]: not a block device
lsblk: /dev/mapper/devices*[0-9]: not a block device
lsblk: /dev/mapper/found*[0-9]: not a block device
activating the configuration...
setting up /etc...
reloading user units for hugob...
restarting sysinit-reactivation.target
the following new units were started: systemd-localed.service
